\BOOKMARK [1][-]{section*.2}{\376\377\000F\000o\000r\000m\000a\000l\000i\000s\000m\000e\000\040\000e\000t\000\040\000r\000a\000i\000s\000o\000n\000n\000e\000m\000e\000n\000t}{}% 1
\BOOKMARK [2][-]{subsection.0.1}{\376\377\000U\000n\000e\000\040\000t\000h\000\351\000o\000r\000i\000e\000\040\000s\000u\000r\000\040\000d\000e\000s\000\040\000b\000a\000s\000e\000s\000\040\000f\000r\000\352\000l\000e\000s}{section*.2}% 2
\BOOKMARK [3][-]{subsubsection.0.1.1}{\376\377\000M\000a\000n\000i\000p\000u\000l\000e\000r\000\040\000d\000e\000s\000\040\000e\000n\000s\000e\000n\000b\000l\000e\000s}{subsection.0.1}% 3
\BOOKMARK [3][-]{subsubsection.0.1.2}{\376\377\000F\000a\000m\000i\000l\000l\000e\000s\000\040\000e\000t\000\040\000a\000p\000p\000l\000i\000c\000a\000t\000i\000o\000n\000s}{subsection.0.1}% 4
\BOOKMARK [3][-]{subsubsection.0.1.3}{\376\377\000R\000e\000l\000a\000t\000i\000o\000n\000\040\000d\000'\000o\000r\000d\000r\000e\000\040\000e\000t\000\040\000d\000'\000\351\000q\000u\000i\000v\000a\000l\000e\000n\000c\000e}{subsection.0.1}% 5
\BOOKMARK [2][-]{subsection.0.2}{\376\377\000A\000x\000i\000o\000m\000a\000t\000i\000s\000a\000t\000i\000o\000n\000\040\000d\000e\000\040\000Z\000e\000r\000m\000e\000l\000o\000-\000F\000r\000a\000n\000k\000e\000l\000\040\000\050\000Z\000F\000C\000\051}{section*.2}% 6
\BOOKMARK [3][-]{subsubsection.0.2.1}{\376\377\000M\000o\000t\000i\000v\000a\000t\000i\000o\000n\000\040\000:\000\040\000u\000n\000\040\000i\000n\000v\000e\000n\000t\000a\000i\000r\000e\000\040\000d\000e\000\040\000p\000a\000r\000a\000d\000o\000x\000e\000s}{subsection.0.2}% 7
\BOOKMARK [3][-]{subsubsection.0.2.2}{\376\377\000Z\000o\000o\000m\000\040\000s\000u\000r\000\040\000l\000'\000a\000x\000i\000o\000m\000e\000\040\000d\000u\000\040\000c\000h\000o\000i\000x}{subsection.0.2}% 8
\BOOKMARK [1][-]{subsubsection.0.2.2}{\376\377\000E\000n\000t\000i\000e\000r\000s\000,\000\040\000p\000r\000i\000n\000c\000i\000p\000e\000\040\000d\000e\000\040\000r\000\351\000c\000u\000r\000r\000e\000n\000c\000e\000\040\000e\000t\000\040\000s\000u\000i\000t\000e\000s}{}% 9
\BOOKMARK [1][-]{subsubsection.0.2.2}{\376\377\000S\000t\000r\000u\000c\000t\000u\000r\000e\000s\000\040\000a\000l\000g\000\351\000b\000r\000i\000q\000u\000e\000s}{}% 10
\BOOKMARK [1][-]{subsubsection.0.2.2}{\376\377\000P\000o\000l\000y\000n\000\364\000m\000e\000s}{}% 11
\BOOKMARK [1][-]{subsubsection.0.2.2}{\376\377\000A\000r\000i\000t\000h\000m\000\351\000t\000i\000q\000u\000e}{}% 12
\BOOKMARK [1][-]{subsubsection.0.2.2}{\376\377\000L\000i\000m\000i\000t\000e\000s\000\040\000e\000t\000\040\000c\000o\000n\000t\000i\000n\000u\000i\000t\000\351}{}% 13
\BOOKMARK [1][-]{subsubsection.0.2.2}{\376\377\000C\000o\000n\000s\000t\000r\000u\000c\000t\000i\000o\000n\000\040\000d\000e\000\040\000R\000\040\000e\000t\000\040\000d\000e\000\040\000C}{}% 14
\BOOKMARK [2][-]{subsection.0.1}{\376\377\000M\000o\000t\000i\000v\000a\000t\000i\000o\000n\000\040\000e\000t\000\040\000s\000u\000i\000t\000e\000s\000\040\000d\000e\000\040\000C\000a\000u\000c\000h\000y}{subsubsection.0.2.2}% 15
\BOOKMARK [3][-]{subsubsection.0.1.1}{\376\377\000P\000o\000u\000r\000q\000u\000o\000i\000\040\000R\000\040\000?}{subsection.0.1}% 16
\BOOKMARK [3][-]{subsubsection.0.1.2}{\376\377\000Q\000u\000e\000l\000q\000u\000e\000s\000\040\000p\000r\000o\000p\000r\000i\000\351\000t\000\351\000s\000\040\000d\000e\000s\000\040\000s\000u\000i\000t\000e\000s\000\040\000d\000e\000\040\000C\000a\000u\000c\000h\000y}{subsection.0.1}% 17
\BOOKMARK [2][-]{subsection.0.2}{\376\377\000U\000n\000e\000\040\000c\000o\000n\000s\000t\000r\000u\000c\000t\000i\000o\000n\000\040\000d\000e\000\040\000R\000\040\000p\000a\000r\000\040\000l\000e\000s\000\040\000s\000u\000i\000t\000e\000s\000\040\000d\000e\000\040\000C\000a\000u\000c\000h\000y}{subsubsection.0.2.2}% 18
\BOOKMARK [3][-]{subsubsection.0.2.1}{\376\377\000L\000e\000s\000\040\000r\000\351\000e\000l\000s}{subsection.0.2}% 19
\BOOKMARK [3][-]{subsubsection.0.2.2}{\376\377\000L\000e\000u\000r\000\040\000s\000t\000r\000u\000c\000t\000u\000r\000e\000\040\000a\000l\000g\000\351\000b\000r\000i\000q\000u\000e}{subsection.0.2}% 20
\BOOKMARK [2][-]{subsection.0.3}{\376\377\000U\000n\000e\000\040\000a\000u\000t\000r\000e\000\040\000c\000o\000n\000s\000t\000r\000u\000c\000t\000i\000o\000n\000\040\000d\000e\000\040\000R}{subsubsection.0.2.2}% 21
\BOOKMARK [3][-]{subsubsection.0.3.1}{\376\377\000L\000e\000s\000\040\000r\000\351\000e\000l\000s\000,\000\040\000v\000e\000r\000s\000i\000o\000n\000\040\0002}{subsection.0.3}% 22
\BOOKMARK [3][-]{subsubsection.0.3.2}{\376\377\000L\000e\000u\000r\000\040\000s\000t\000r\000u\000c\000t\000u\000r\000e\000\040\000a\000l\000g\000\351\000b\000r\000i\000q\000u\000e}{subsection.0.3}% 23
\BOOKMARK [2][-]{subsection.0.4}{\376\377\000L\000e\000s\000\040\000p\000r\000o\000p\000r\000i\000\351\000t\000\351\000s\000\040\000f\000o\000n\000d\000a\000m\000e\000n\000t\000a\000l\000e\000s\000\040\000d\000e\000\040\000R}{subsubsection.0.2.2}% 24
\BOOKMARK [3][-]{subsubsection.0.4.1}{\376\377\000L\000a\000\040\000c\000o\000m\000p\000l\000\351\000t\000u\000d\000e\000,\000\040\000\340\000\040\000p\000a\000r\000t\000i\000r\000\040\000d\000e\000s\000\040\000s\000u\000i\000t\000e\000s\000\040\000d\000e\000\040\000C\000a\000u\000c\000h\000y}{subsection.0.4}% 25
\BOOKMARK [3][-]{subsubsection.0.4.2}{\376\377\000L\000a\000\040\000p\000r\000o\000p\000r\000i\000\351\000t\000\351\000\040\000d\000e\000\040\000l\000a\000\040\000b\000o\000r\000n\000e\000\040\000s\000u\000p\000\351\000r\000i\000e\000u\000r\000e\000,\000\040\000\340\000\040\000p\000a\000r\000t\000i\000r\000\040\000d\000e\000s\000\040\000c\000o\000u\000p\000u\000r\000e\000s\000\040\000d\000e\000\040\000D\000e\000d\000e\000k\000i\000n\000d}{subsection.0.4}% 26
\BOOKMARK [3][-]{subsubsection.0.4.3}{\376\377\000C\000e\000s\000\040\000d\000e\000u\000x\000\040\000c\000o\000n\000s\000t\000r\000u\000c\000t\000i\000o\000n\000s\000\040\000s\000o\000n\000t\000\040\000\351\000q\000u\000i\000v\000a\000l\000e\000n\000t\000e\000s}{subsection.0.4}% 27
\BOOKMARK [3][-]{subsubsection.0.4.4}{\376\377\000R\000\040\000n\000'\000e\000s\000t\000\040\000p\000a\000s\000\040\000d\000\351\000n\000o\000m\000b\000r\000a\000b\000l\000e}{subsection.0.4}% 28
\BOOKMARK [1][-]{theoreme.7}{\376\377\000D\000\351\000r\000i\000v\000a\000t\000i\000o\000n}{}% 29
\BOOKMARK [1][-]{theoreme.7}{\376\377\000I\000n\000t\000\351\000g\000r\000a\000t\000i\000o\000n}{}% 30
\BOOKMARK [1][-]{theoreme.7}{\376\377\000C\000o\000n\000v\000e\000r\000g\000e\000n\000c\000e\000\040\000e\000t\000\040\000a\000n\000a\000l\000y\000s\000e\000\040\000a\000s\000y\000m\000p\000t\000o\000t\000i\000q\000u\000e}{}% 31
\BOOKMARK [1][-]{theoreme.1}{\376\377\000G\000r\000o\000u\000p\000e\000\040\000s\000y\000m\000\351\000t\000r\000i\000q\000u\000e\000\040\000e\000t\000\040\000d\000\351\000t\000e\000r\000m\000i\000n\000a\000n\000t}{}% 32
\BOOKMARK [2][-]{subsection.0.1}{\376\377\000L\000e\000\040\000g\000r\000o\000u\000p\000e\000\040\000s\000y\000m\000\351\000t\000r\000i\000q\000u\000e}{theoreme.1}% 33
\BOOKMARK [2][-]{subsection.0.2}{\376\377\000C\000y\000c\000l\000e\000s\000\040\000e\000t\000\040\000t\000r\000a\000n\000s\000p\000o\000s\000i\000t\000i\000o\000n\000s}{theoreme.1}% 34
